{
  "stats": {
    "suites": 1,
    "tests": 3,
    "passes": 3,
    "pending": 0,
    "failures": 0,
    "start": "2024-11-25T23:46:25.756Z",
    "end": "2024-11-25T23:46:32.203Z",
    "duration": 6447,
    "testsRegistered": 3,
    "passPercent": 100,
    "pendingPercent": 0,
    "other": 0,
    "hasOther": false,
    "skipped": 0,
    "hasSkipped": false
  },
  "results": [
    {
      "uuid": "8674b611-d3fe-4db8-9157-8dbfabf40466",
      "title": "",
      "fullFile": "cypress\\e2e\\testes.cy.js",
      "file": "cypress\\e2e\\testes.cy.js",
      "beforeHooks": [],
      "afterHooks": [],
      "tests": [],
      "suites": [
        {
          "uuid": "af409524-e969-4523-a283-e291030dc1b7",
          "title": "Teste computer-database",
          "fullFile": "",
          "file": "",
          "beforeHooks": [],
          "afterHooks": [],
          "tests": [
            {
              "title": "Teste criar computador",
              "fullTitle": "Teste computer-database Teste criar computador",
              "timedOut": null,
              "duration": 2110,
              "state": "passed",
              "speed": "fast",
              "pass": true,
              "fail": false,
              "pending": false,
              "context": null,
              "code": "goToPage();\ncy.get('#add').click();\nlet computer_name = \"Computer1\";\ncy.get('#name').type(computer_name);\ncy.get('#introduced').type(\"2008-12-05\");\ncy.get('#company').select(\"ASUS\");\ncy.get('.primary').click();\ncy.get('.alert-message').should(\"contain.text\", \"Done !\");\ncy.get('.alert-message').should(\"contain.text\", computer_name + \" has been created\");",
              "err": {},
              "uuid": "1af700c6-6216-4bab-b190-d8717b4215a5",
              "parentUUID": "af409524-e969-4523-a283-e291030dc1b7",
              "isHook": false,
              "skipped": false
            },
            {
              "title": "Teste criar computador sem nome",
              "fullTitle": "Teste computer-database Teste criar computador sem nome",
              "timedOut": null,
              "duration": 1400,
              "state": "passed",
              "speed": "fast",
              "pass": true,
              "fail": false,
              "pending": false,
              "context": null,
              "code": "goToPage();\ncy.get('#add').click();\ncy.get('#introduced').type(\"2008-12-05\");\ncy.get('#company').select(\"ASUS\");\ncy.get('.primary').click();\ncy.get('.error > .input > .help-inline').should(\"contain.text\", \"Failed to refine type\");",
              "err": {},
              "uuid": "9b0bdac8-3ba3-4a2d-9f80-79da79d02454",
              "parentUUID": "af409524-e969-4523-a283-e291030dc1b7",
              "isHook": false,
              "skipped": false
            },
            {
              "title": "Teste pesquisar por todos computadores ASUS",
              "fullTitle": "Teste computer-database Teste pesquisar por todos computadores ASUS",
              "timedOut": null,
              "duration": 812,
              "state": "passed",
              "speed": "fast",
              "pass": true,
              "fail": false,
              "pending": false,
              "context": null,
              "code": "searchComputer(\"ASUS\");\ncy.get('tbody tr').should('have.length', 4);",
              "err": {},
              "uuid": "1f3d8fc8-0576-4a67-be63-14bd95dd1618",
              "parentUUID": "af409524-e969-4523-a283-e291030dc1b7",
              "isHook": false,
              "skipped": false
            }
          ],
          "suites": [],
          "passes": [
            "1af700c6-6216-4bab-b190-d8717b4215a5",
            "9b0bdac8-3ba3-4a2d-9f80-79da79d02454",
            "1f3d8fc8-0576-4a67-be63-14bd95dd1618"
          ],
          "failures": [],
          "pending": [],
          "skipped": [],
          "duration": 4322,
          "root": false,
          "rootEmpty": false,
          "_timeout": 2000
        }
      ],
      "passes": [],
      "failures": [],
      "pending": [],
      "skipped": [],
      "duration": 0,
      "root": true,
      "rootEmpty": true,
      "_timeout": 2000
    }
  ],
  "meta": {
    "mocha": {
      "version": "7.0.1"
    },
    "mochawesome": {
      "options": {
        "quiet": false,
        "reportFilename": "mochawesome",
        "saveHtml": true,
        "saveJson": true,
        "consoleReporter": "spec",
        "useInlineDiffs": false,
        "code": true
      },
      "version": "7.1.3"
    },
    "marge": {
      "options": null,
      "version": "6.2.0"
    }
  }
}