{
  "stats": {
    "suites": 1,
    "tests": 6,
    "passes": 6,
    "pending": 0,
    "failures": 0,
    "start": "2024-11-26T00:37:18.206Z",
    "end": "2024-11-26T00:37:33.597Z",
    "duration": 15391,
    "testsRegistered": 6,
    "passPercent": 100,
    "pendingPercent": 0,
    "other": 0,
    "hasOther": false,
    "skipped": 0,
    "hasSkipped": false
  },
  "results": [
    {
      "uuid": "28d5c509-f6f5-47c3-b3e0-0bf7e2c28433",
      "title": "",
      "fullFile": "cypress\\e2e\\testes.cy.js",
      "file": "cypress\\e2e\\testes.cy.js",
      "beforeHooks": [],
      "afterHooks": [],
      "tests": [],
      "suites": [
        {
          "uuid": "328874ba-f051-48fb-8bcb-86b4610d194e",
          "title": "Teste computer-database",
          "fullFile": "",
          "file": "",
          "beforeHooks": [],
          "afterHooks": [],
          "tests": [
            {
              "title": "Teste criar computador",
              "fullTitle": "Teste computer-database Teste criar computador",
              "timedOut": null,
              "duration": 3097,
              "state": "passed",
              "speed": "fast",
              "pass": true,
              "fail": false,
              "pending": false,
              "context": null,
              "code": "goToPage();\ncy.get('#add').click();\nlet computer_name = \"Computer1\";\ncy.get('#name').type(computer_name);\ncy.get('#introduced').type(\"2008-12-05\");\ncy.get('#company').select(\"ASUS\");\ncy.get('.primary').click();\ncy.get('.alert-message').should(\"contain.text\", \"Done !\");\ncy.get('.alert-message').should(\"contain.text\", computer_name + \" has been created\");",
              "err": {},
              "uuid": "fe8b4ee5-b79b-466b-8fc6-170fc9bc63bb",
              "parentUUID": "328874ba-f051-48fb-8bcb-86b4610d194e",
              "isHook": false,
              "skipped": false
            },
            {
              "title": "Teste criar computador sem nome",
              "fullTitle": "Teste computer-database Teste criar computador sem nome",
              "timedOut": null,
              "duration": 1702,
              "state": "passed",
              "speed": "fast",
              "pass": true,
              "fail": false,
              "pending": false,
              "context": null,
              "code": "goToPage();\ncy.get('#add').click();\ncy.get('#introduced').type(\"2008-12-05\");\ncy.get('#company').select(\"ASUS\");\ncy.get('.primary').click();\ncy.get('.error > .input > .help-inline').should(\"contain.text\", \"Failed to refine type\");",
              "err": {},
              "uuid": "7d14345b-3902-44a6-abf7-8bd837748d7b",
              "parentUUID": "328874ba-f051-48fb-8bcb-86b4610d194e",
              "isHook": false,
              "skipped": false
            },
            {
              "title": "Teste pesquisar por todos computadores ASUS",
              "fullTitle": "Teste computer-database Teste pesquisar por todos computadores ASUS",
              "timedOut": null,
              "duration": 1065,
              "state": "passed",
              "speed": "fast",
              "pass": true,
              "fail": false,
              "pending": false,
              "context": null,
              "code": "searchComputer(\"ASUS\");\ncy.get('tbody tr').should('have.length', 4);",
              "err": {},
              "uuid": "67f87235-637d-4a86-a196-9f39b711f209",
              "parentUUID": "328874ba-f051-48fb-8bcb-86b4610d194e",
              "isHook": false,
              "skipped": false
            },
            {
              "title": "Teste computador inexistente",
              "fullTitle": "Teste computer-database Teste computador inexistente",
              "timedOut": null,
              "duration": 1249,
              "state": "passed",
              "speed": "fast",
              "pass": true,
              "fail": false,
              "pending": false,
              "context": null,
              "code": "searchComputer(\"ComputadorInexistente\");\ncy.get('em').should(\"contain.text\", \"Nothing to display\");",
              "err": {},
              "uuid": "070e5a07-1e31-46e8-a77b-c56be6a65b59",
              "parentUUID": "328874ba-f051-48fb-8bcb-86b4610d194e",
              "isHook": false,
              "skipped": false
            },
            {
              "title": "Teste deletar um computador",
              "fullTitle": "Teste computer-database Teste deletar um computador",
              "timedOut": null,
              "duration": 2073,
              "state": "passed",
              "speed": "fast",
              "pass": true,
              "fail": false,
              "pending": false,
              "context": null,
              "code": "searchComputer(\"ASUS\");\ncy.get('tbody > :nth-child(1) > :nth-child(1) > a').click();\ncy.get('.topRight > .btn').click({\n  force: true\n});\ncy.get('.alert-message').should(\"contain.text\", \"Done !\");\ncy.get('.alert-message').should(\"contain.text\", \"Computer ASUS Eee PC 1005PE has been deleted\");",
              "err": {},
              "uuid": "af76c3f4-82b0-4b88-a86f-01c570748c52",
              "parentUUID": "328874ba-f051-48fb-8bcb-86b4610d194e",
              "isHook": false,
              "skipped": false
            },
            {
              "title": "Teste atualizar um computador",
              "fullTitle": "Teste computer-database Teste atualizar um computador",
              "timedOut": null,
              "duration": 2506,
              "state": "passed",
              "speed": "fast",
              "pass": true,
              "fail": false,
              "pending": false,
              "context": null,
              "code": "searchComputer(\"ASUS\");\ncy.get('tbody > :nth-child(1) > :nth-child(1) > a').click();\ncy.get('#discontinued').type(\"2024-11-25\");\ncy.get('.primary').click();\ncy.get('.alert-message').should(\"contain.text\", \"Done !\");\ncy.get('.alert-message').should(\"contain.text\", \"Computer ASUS Eee PC 1005PE has been updated\");",
              "err": {},
              "uuid": "c424c357-bd91-4e4b-b8bd-6f2bdee35c7d",
              "parentUUID": "328874ba-f051-48fb-8bcb-86b4610d194e",
              "isHook": false,
              "skipped": false
            }
          ],
          "suites": [],
          "passes": [
            "fe8b4ee5-b79b-466b-8fc6-170fc9bc63bb",
            "7d14345b-3902-44a6-abf7-8bd837748d7b",
            "67f87235-637d-4a86-a196-9f39b711f209",
            "070e5a07-1e31-46e8-a77b-c56be6a65b59",
            "af76c3f4-82b0-4b88-a86f-01c570748c52",
            "c424c357-bd91-4e4b-b8bd-6f2bdee35c7d"
          ],
          "failures": [],
          "pending": [],
          "skipped": [],
          "duration": 11692,
          "root": false,
          "rootEmpty": false,
          "_timeout": 2000
        }
      ],
      "passes": [],
      "failures": [],
      "pending": [],
      "skipped": [],
      "duration": 0,
      "root": true,
      "rootEmpty": true,
      "_timeout": 2000
    }
  ],
  "meta": {
    "mocha": {
      "version": "7.0.1"
    },
    "mochawesome": {
      "options": {
        "quiet": false,
        "reportFilename": "mochawesome",
        "saveHtml": true,
        "saveJson": true,
        "consoleReporter": "spec",
        "useInlineDiffs": false,
        "code": true
      },
      "version": "7.1.3"
    },
    "marge": {
      "options": null,
      "version": "6.2.0"
    }
  }
}