{
  "stats": {
    "suites": 1,
    "tests": 6,
    "passes": 6,
    "pending": 0,
    "failures": 0,
    "start": "2024-11-25T23:59:33.110Z",
    "end": "2024-11-25T23:59:45.790Z",
    "duration": 12680,
    "testsRegistered": 6,
    "passPercent": 100,
    "pendingPercent": 0,
    "other": 0,
    "hasOther": false,
    "skipped": 0,
    "hasSkipped": false
  },
  "results": [
    {
      "uuid": "ebf642e6-bc03-4487-811b-d18a5e970178",
      "title": "",
      "fullFile": "cypress\\e2e\\testes.cy.js",
      "file": "cypress\\e2e\\testes.cy.js",
      "beforeHooks": [],
      "afterHooks": [],
      "tests": [],
      "suites": [
        {
          "uuid": "faa5db90-6174-4bed-b2a1-c6654770499a",
          "title": "Teste computer-database",
          "fullFile": "",
          "file": "",
          "beforeHooks": [],
          "afterHooks": [],
          "tests": [
            {
              "title": "Teste criar computador",
              "fullTitle": "Teste computer-database Teste criar computador",
              "timedOut": null,
              "duration": 2634,
              "state": "passed",
              "speed": "fast",
              "pass": true,
              "fail": false,
              "pending": false,
              "context": null,
              "code": "goToPage();\ncy.get('#add').click();\nlet computer_name = \"Computer1\";\ncy.get('#name').type(computer_name);\ncy.get('#introduced').type(\"2008-12-05\");\ncy.get('#company').select(\"ASUS\");\ncy.get('.primary').click();\ncy.get('.alert-message').should(\"contain.text\", \"Done !\");\ncy.get('.alert-message').should(\"contain.text\", computer_name + \" has been created\");",
              "err": {},
              "uuid": "f98ad62e-ab42-411b-aea7-2bbb2763d295",
              "parentUUID": "faa5db90-6174-4bed-b2a1-c6654770499a",
              "isHook": false,
              "skipped": false
            },
            {
              "title": "Teste criar computador sem nome",
              "fullTitle": "Teste computer-database Teste criar computador sem nome",
              "timedOut": null,
              "duration": 1543,
              "state": "passed",
              "speed": "fast",
              "pass": true,
              "fail": false,
              "pending": false,
              "context": null,
              "code": "goToPage();\ncy.get('#add').click();\ncy.get('#introduced').type(\"2008-12-05\");\ncy.get('#company').select(\"ASUS\");\ncy.get('.primary').click();\ncy.get('.error > .input > .help-inline').should(\"contain.text\", \"Failed to refine type\");",
              "err": {},
              "uuid": "c50d9ca2-ffff-4800-9e7b-0d97a1c041a2",
              "parentUUID": "faa5db90-6174-4bed-b2a1-c6654770499a",
              "isHook": false,
              "skipped": false
            },
            {
              "title": "Teste pesquisar por todos computadores ASUS",
              "fullTitle": "Teste computer-database Teste pesquisar por todos computadores ASUS",
              "timedOut": null,
              "duration": 933,
              "state": "passed",
              "speed": "fast",
              "pass": true,
              "fail": false,
              "pending": false,
              "context": null,
              "code": "searchComputer(\"ASUS\");\ncy.get('tbody tr').should('have.length', 4);",
              "err": {},
              "uuid": "2a7850e1-d8ee-4d56-b610-350c72f69542",
              "parentUUID": "faa5db90-6174-4bed-b2a1-c6654770499a",
              "isHook": false,
              "skipped": false
            },
            {
              "title": "Teste computador inexistente",
              "fullTitle": "Teste computer-database Teste computador inexistente",
              "timedOut": null,
              "duration": 1124,
              "state": "passed",
              "speed": "fast",
              "pass": true,
              "fail": false,
              "pending": false,
              "context": null,
              "code": "searchComputer(\"ComputadorInexistente\");\ncy.get('em').should(\"contain.text\", \"Nothing to display\");",
              "err": {},
              "uuid": "39e82bbb-700c-4ce9-a562-2b106dd5601b",
              "parentUUID": "faa5db90-6174-4bed-b2a1-c6654770499a",
              "isHook": false,
              "skipped": false
            },
            {
              "title": "Teste deletar um computador",
              "fullTitle": "Teste computer-database Teste deletar um computador",
              "timedOut": null,
              "duration": 1831,
              "state": "passed",
              "speed": "fast",
              "pass": true,
              "fail": false,
              "pending": false,
              "context": null,
              "code": "searchComputer(\"ASUS\");\ncy.get('tbody > :nth-child(1) > :nth-child(1) > a').click();\ncy.get('.topRight > .btn').click({\n  force: true\n});\ncy.get('.alert-message').should(\"contain.text\", \"Done !\");\ncy.get('.alert-message').should(\"contain.text\", \"Computer ASUS Eee PC 1005PE has been deleted\");",
              "err": {},
              "uuid": "d6ee3c63-01ed-4bae-bcc4-cf4f7f8f7e57",
              "parentUUID": "faa5db90-6174-4bed-b2a1-c6654770499a",
              "isHook": false,
              "skipped": false
            },
            {
              "title": "Teste atualizar um computador",
              "fullTitle": "Teste computer-database Teste atualizar um computador",
              "timedOut": null,
              "duration": 2096,
              "state": "passed",
              "speed": "fast",
              "pass": true,
              "fail": false,
              "pending": false,
              "context": null,
              "code": "searchComputer(\"ASUS\");\ncy.get('tbody > :nth-child(1) > :nth-child(1) > a').click();\ncy.get('#discontinued').type(\"2024-11-25\");\ncy.get('.primary').click();\ncy.get('.alert-message').should(\"contain.text\", \"Done !\");\ncy.get('.alert-message').should(\"contain.text\", \"Computer ASUS Eee PC 1005PE has been updated\");",
              "err": {},
              "uuid": "45c639d5-c3cb-4211-bf61-fdbb53def22e",
              "parentUUID": "faa5db90-6174-4bed-b2a1-c6654770499a",
              "isHook": false,
              "skipped": false
            }
          ],
          "suites": [],
          "passes": [
            "f98ad62e-ab42-411b-aea7-2bbb2763d295",
            "c50d9ca2-ffff-4800-9e7b-0d97a1c041a2",
            "2a7850e1-d8ee-4d56-b610-350c72f69542",
            "39e82bbb-700c-4ce9-a562-2b106dd5601b",
            "d6ee3c63-01ed-4bae-bcc4-cf4f7f8f7e57",
            "45c639d5-c3cb-4211-bf61-fdbb53def22e"
          ],
          "failures": [],
          "pending": [],
          "skipped": [],
          "duration": 10161,
          "root": false,
          "rootEmpty": false,
          "_timeout": 2000
        }
      ],
      "passes": [],
      "failures": [],
      "pending": [],
      "skipped": [],
      "duration": 0,
      "root": true,
      "rootEmpty": true,
      "_timeout": 2000
    }
  ],
  "meta": {
    "mocha": {
      "version": "7.0.1"
    },
    "mochawesome": {
      "options": {
        "quiet": false,
        "reportFilename": "mochawesome",
        "saveHtml": true,
        "saveJson": true,
        "consoleReporter": "spec",
        "useInlineDiffs": false,
        "code": true
      },
      "version": "7.1.3"
    },
    "marge": {
      "options": null,
      "version": "6.2.0"
    }
  }
}